<?xml version="1.0" encoding="UTF-8"?>
<testsuite xmlns:xsi="http://www.w3.org/2001/XMLSchema-instance" xsi:noNamespaceSchemaLocation="https://maven.apache.org/surefire/maven-surefire-plugin/xsd/surefire-test-report-3.0.xsd" version="3.0" name="flightapp.FlightServiceTest" time="286.681" tests="22" errors="0" skipped="0" failures="0">
  <properties>
    <property name="java.specification.version" value="17"/>
    <property name="test.cases" value="cases/no_transaction/"/>
    <property name="sun.jnu.encoding" value="UTF-8"/>
    <property name="java.class.path" value="/homes/iws/lshibly/.m2/repository/org/apache/maven/surefire/surefire-booter/3.0.0-M5/surefire-booter-3.0.0-M5.jar:/homes/iws/lshibly/.m2/repository/org/apache/maven/surefire/surefire-api/3.0.0-M5/surefire-api-3.0.0-M5.jar:/homes/iws/lshibly/.m2/repository/org/apache/maven/surefire/surefire-logger-api/3.0.0-M5/surefire-logger-api-3.0.0-M5.jar:/homes/iws/lshibly/.m2/repository/org/apache/maven/surefire/surefire-shared-utils/3.0.0-M4/surefire-shared-utils-3.0.0-M4.jar:/homes/iws/lshibly/.m2/repository/org/apache/maven/surefire/surefire-extensions-spi/3.0.0-M5/surefire-extensions-spi-3.0.0-M5.jar:/homes/iws/lshibly/cse344/FlightsApp/project/target/test-classes:/homes/iws/lshibly/cse344/FlightsApp/project/target/classes:/homes/iws/lshibly/.m2/repository/junit/junit/4.13/junit-4.13.jar:/homes/iws/lshibly/.m2/repository/org/hamcrest/hamcrest-core/1.3/hamcrest-core-1.3.jar:/homes/iws/lshibly/.m2/repository/com/microsoft/sqlserver/mssql-jdbc/9.2.1.jre11/mssql-jdbc-9.2.1.jre11.jar:/homes/iws/lshibly/.m2/repository/org/mybatis/mybatis/3.5.7/mybatis-3.5.7.jar:/homes/iws/lshibly/.m2/repository/commons-io/commons-io/2.8.0/commons-io-2.8.0.jar:/homes/iws/lshibly/cse344/FlightsApp/project/distributed.jar:/homes/iws/lshibly/.m2/repository/org/apache/maven/surefire/surefire-junit4/3.0.0-M5/surefire-junit4-3.0.0-M5.jar:/homes/iws/lshibly/.m2/repository/org/apache/maven/surefire/common-java5/3.0.0-M5/common-java5-3.0.0-M5.jar:/homes/iws/lshibly/.m2/repository/org/apache/maven/surefire/common-junit3/3.0.0-M5/common-junit3-3.0.0-M5.jar:/homes/iws/lshibly/.m2/repository/org/apache/maven/surefire/common-junit4/3.0.0-M5/common-junit4-3.0.0-M5.jar"/>
    <property name="java.vm.vendor" value="Red Hat, Inc."/>
    <property name="sun.arch.data.model" value="64"/>
    <property name="java.vendor.url" value="https://www.redhat.com/"/>
    <property name="os.name" value="Linux"/>
    <property name="java.vm.specification.version" value="17"/>
    <property name="sun.java.launcher" value="SUN_STANDARD"/>
    <property name="user.country" value="US"/>
    <property name="sun.boot.library.path" value="/usr/lib/jvm/java-17-openjdk-17.0.9.0.9-2.el9.x86_64/lib"/>
    <property name="sun.java.command" value="org.apache.maven.surefire.booter.ForkedBooter /homes/iws/lshibly/cse344/FlightsApp/project/target/surefire 2023-11-14T15-28-20_209-jvmRun1 surefire13684245444618976929tmp surefire_012285129950906949015tmp"/>
    <property name="jdk.debug" value="release"/>
    <property name="surefire.test.class.path" value="/homes/iws/lshibly/cse344/FlightsApp/project/target/test-classes:/homes/iws/lshibly/cse344/FlightsApp/project/target/classes:/homes/iws/lshibly/.m2/repository/junit/junit/4.13/junit-4.13.jar:/homes/iws/lshibly/.m2/repository/org/hamcrest/hamcrest-core/1.3/hamcrest-core-1.3.jar:/homes/iws/lshibly/.m2/repository/com/microsoft/sqlserver/mssql-jdbc/9.2.1.jre11/mssql-jdbc-9.2.1.jre11.jar:/homes/iws/lshibly/.m2/repository/org/mybatis/mybatis/3.5.7/mybatis-3.5.7.jar:/homes/iws/lshibly/.m2/repository/commons-io/commons-io/2.8.0/commons-io-2.8.0.jar:/homes/iws/lshibly/cse344/FlightsApp/project/distributed.jar:"/>
    <property name="sun.cpu.endian" value="little"/>
    <property name="user.home" value="/homes/iws/lshibly"/>
    <property name="user.language" value="en"/>
    <property name="java.specification.vendor" value="Oracle Corporation"/>
    <property name="java.version.date" value="2023-10-17"/>
    <property name="java.home" value="/usr/lib/jvm/java-17-openjdk-17.0.9.0.9-2.el9.x86_64"/>
    <property name="file.separator" value="/"/>
    <property name="basedir" value="/homes/iws/lshibly/cse344/FlightsApp/project"/>
    <property name="java.vm.compressedOopsMode" value="Zero based"/>
    <property name="line.separator" value="&#10;"/>
    <property name="java.vm.specification.vendor" value="Oracle Corporation"/>
    <property name="java.specification.name" value="Java Platform API Specification"/>
    <property name="sun.management.compiler" value="HotSpot 64-Bit Tiered Compilers"/>
    <property name="java.runtime.version" value="17.0.9+9-LTS"/>
    <property name="user.name" value="lshibly"/>
    <property name="path.separator" value=":"/>
    <property name="os.version" value="5.14.0-284.30.1.el9_2.x86_64"/>
    <property name="java.runtime.name" value="OpenJDK Runtime Environment"/>
    <property name="file.encoding" value="UTF-8"/>
    <property name="java.vm.name" value="OpenJDK 64-Bit Server VM"/>
    <property name="java.vendor.version" value="(Red_Hat-17.0.9.0.9-1)"/>
    <property name="localRepository" value="/homes/iws/lshibly/.m2/repository"/>
    <property name="java.vendor.url.bug" value="https://access.redhat.com/support/cases/"/>
    <property name="java.io.tmpdir" value="/tmp"/>
    <property name="java.version" value="17.0.9"/>
    <property name="user.dir" value="/homes/iws/lshibly/cse344/FlightsApp/project"/>
    <property name="os.arch" value="amd64"/>
    <property name="java.vm.specification.name" value="Java Virtual Machine Specification"/>
    <property name="native.encoding" value="UTF-8"/>
    <property name="java.library.path" value="/usr/java/packages/lib:/usr/lib64:/lib64:/lib:/usr/lib"/>
    <property name="java.vm.info" value="mixed mode, sharing"/>
    <property name="java.vendor" value="Red Hat, Inc."/>
    <property name="java.vm.version" value="17.0.9+9-LTS"/>
    <property name="sun.io.unicode.encoding" value="UnicodeLittle"/>
    <property name="java.class.version" value="61.0"/>
  </properties>
  <testcase name="runTest[0]" classname="flightapp.FlightServiceTest" time="19.643">
    <system-out><![CDATA[Running test setup...
... using dbconn.properties for test credentials
... resetting database (ie, dropping all tables with suffix: lshibly)
... running createTables.sql

Starting tests
Running test file: /homes/iws/lshibly/cse344/FlightsApp/project/cases/no_transaction/pay/pay_already.test.txt
]]></system-out>
  </testcase>
  <testcase name="runTest[1]" classname="flightapp.FlightServiceTest" time="19.224">
    <system-out><![CDATA[Running test file: /homes/iws/lshibly/cse344/FlightsApp/project/cases/no_transaction/pay/pay_basic.test.txt
]]></system-out>
  </testcase>
  <testcase name="runTest[2]" classname="flightapp.FlightServiceTest" time="18.581">
    <system-out><![CDATA[Running test file: /homes/iws/lshibly/cse344/FlightsApp/project/cases/no_transaction/pay/pay_insufficient.test.txt
]]></system-out>
  </testcase>
  <testcase name="runTest[3]" classname="flightapp.FlightServiceTest" time="24.438">
    <system-out><![CDATA[Running test file: /homes/iws/lshibly/cse344/FlightsApp/project/cases/no_transaction/pay/pay_indirectFlightsItinerary.test.txt
]]></system-out>
  </testcase>
  <testcase name="runTest[4]" classname="flightapp.FlightServiceTest" time="0.763">
    <system-out><![CDATA[Running test file: /homes/iws/lshibly/cse344/FlightsApp/project/cases/no_transaction/create/create_negativebalance.test.txt
]]></system-out>
  </testcase>
  <testcase name="runTest[5]" classname="flightapp.FlightServiceTest" time="0.704">
    <system-out><![CDATA[Running test file: /homes/iws/lshibly/cse344/FlightsApp/project/cases/no_transaction/create/create_basic.test.txt
]]></system-out>
  </testcase>
  <testcase name="runTest[6]" classname="flightapp.FlightServiceTest" time="18.227">
    <system-out><![CDATA[Running test file: /homes/iws/lshibly/cse344/FlightsApp/project/cases/no_transaction/search/search_basic.test.txt
]]></system-out>
  </testcase>
  <testcase name="runTest[7]" classname="flightapp.FlightServiceTest" time="19.634">
    <system-out><![CDATA[Running test file: /homes/iws/lshibly/cse344/FlightsApp/project/cases/no_transaction/search/search_indirect.test.txt
]]></system-out>
  </testcase>
  <testcase name="runTest[8]" classname="flightapp.FlightServiceTest" time="24.007">
    <system-out><![CDATA[Running test file: /homes/iws/lshibly/cse344/FlightsApp/project/cases/no_transaction/search/search_topk.test.txt
]]></system-out>
  </testcase>
  <testcase name="runTest[9]" classname="flightapp.FlightServiceTest" time="18.002">
    <system-out><![CDATA[Running test file: /homes/iws/lshibly/cse344/FlightsApp/project/cases/no_transaction/search/search_lshibly.test.txt
]]></system-out>
  </testcase>
  <testcase name="runTest[10]" classname="flightapp.FlightServiceTest" time="21.474">
    <system-out><![CDATA[Running test file: /homes/iws/lshibly/cse344/FlightsApp/project/cases/no_transaction/search/search_topk_direct.test.txt
]]></system-out>
  </testcase>
  <testcase name="runTest[11]" classname="flightapp.FlightServiceTest" time="19.69">
    <system-out><![CDATA[Running test file: /homes/iws/lshibly/cse344/FlightsApp/project/cases/no_transaction/search/search_lessThanN.test.txt
]]></system-out>
  </testcase>
  <testcase name="runTest[12]" classname="flightapp.FlightServiceTest" time="19.404">
    <system-out><![CDATA[Running test file: /homes/iws/lshibly/cse344/FlightsApp/project/cases/no_transaction/reservations/reservations_basic.test.txt
]]></system-out>
  </testcase>
  <testcase name="runTest[13]" classname="flightapp.FlightServiceTest" time="18.596">
    <system-out><![CDATA[Running test file: /homes/iws/lshibly/cse344/FlightsApp/project/cases/no_transaction/reservations/reservations_same_day.test.txt
]]></system-out>
  </testcase>
  <testcase name="runTest[14]" classname="flightapp.FlightServiceTest" time="0.714">
    <system-out><![CDATA[Running test file: /homes/iws/lshibly/cse344/FlightsApp/project/cases/no_transaction/reservations/reservations_userNotLoggedIn.test.txt
]]></system-out>
  </testcase>
  <testcase name="runTest[15]" classname="flightapp.FlightServiceTest" time="19.334">
    <system-out><![CDATA[Running test file: /homes/iws/lshibly/cse344/FlightsApp/project/cases/no_transaction/book/book_withoutLogIn.test.txt
]]></system-out>
  </testcase>
  <testcase name="runTest[16]" classname="flightapp.FlightServiceTest" time="18.809">
    <system-out><![CDATA[Running test file: /homes/iws/lshibly/cse344/FlightsApp/project/cases/no_transaction/book/book_basic.test.txt
]]></system-out>
  </testcase>
  <testcase name="runTest[17]" classname="flightapp.FlightServiceTest" time="0.921">
    <system-out><![CDATA[Running test file: /homes/iws/lshibly/cse344/FlightsApp/project/cases/no_transaction/login/login_already.test.txt
]]></system-out>
  </testcase>
  <testcase name="runTest[18]" classname="flightapp.FlightServiceTest" time="0.821">
    <system-out><![CDATA[Running test file: /homes/iws/lshibly/cse344/FlightsApp/project/cases/no_transaction/login/login_single.test.txt
]]></system-out>
  </testcase>
  <testcase name="runTest[19]" classname="flightapp.FlightServiceTest" time="0.986">
    <system-out><![CDATA[Running test file: /homes/iws/lshibly/cse344/FlightsApp/project/cases/no_transaction/login/login_success.test.txt
]]></system-out>
  </testcase>
  <testcase name="runTest[20]" classname="flightapp.FlightServiceTest" time="0.71">
    <system-out><![CDATA[Running test file: /homes/iws/lshibly/cse344/FlightsApp/project/cases/no_transaction/login/login_wrongPassword.test.txt
]]></system-out>
  </testcase>
  <testcase name="runTest[21]" classname="flightapp.FlightServiceTest" time="0.636">
    <system-out><![CDATA[Running test file: /homes/iws/lshibly/cse344/FlightsApp/project/cases/no_transaction/login/login_nonexistent.test.txt
]]></system-out>
  </testcase>
</testsuite>